<?xml version="1.0" encoding="UTF-8"?>
<!-- Generated by org.testng.reporters.JUnitReportReporter -->
<testsuite skipped="0" hostname="Techno-242" name="com.test.PostAPITest" tests="1" failures="0" timestamp="10 Feb 2019 17:03:57 GMT" time="1.310" errors="0">
  <testcase name="postAPITest" time="1.310" classname="com.test.PostAPITest"/>
</testsuite> <!-- com.test.PostAPITest -->
