<?xml version="1.0" encoding="UTF-8"?>
<!-- Generated by org.testng.reporters.JUnitReportReporter -->
<testsuite skipped="0" hostname="Techno-242" name="com.test.TestAPIs" tests="1" failures="0" timestamp="09 Feb 2019 12:41:49 GMT" time="1.312" errors="0">
  <testcase name="getAPITest" time="1.312" classname="com.test.TestAPIs"/>
</testsuite> <!-- com.test.TestAPIs -->
