<?xml version="1.0" encoding="UTF-8"?>
<!-- Generated by org.testng.reporters.JUnitReportReporter -->
<testsuite skipped="0" hostname="Techno-242" name="com.test.GetAPITest" tests="1" failures="0" timestamp="10 Feb 2019 17:03:45 GMT" time="1.413" errors="0">
  <testcase name="getAPITest" time="1.413" classname="com.test.GetAPITest"/>
</testsuite> <!-- com.test.GetAPITest -->
